<?xml version="1.0" encoding="UTF-8"?>
<!-- Generated by org.testng.reporters.JUnitReportReporter -->
<testsuite hostname="anand-HP-Laptop-15" failures="2" tests="2" name="com.spotify.testsuits2.TestSuitExecution" time="180.286" errors="0" timestamp="7 Mar 2021 18:43:06 GMT">
  <testcase classname="com.spotify.testsuits2.TestSuitExecution" name="test" time="92.538">
    <failure message="Javascript is not enabled for this HtmlUnitDriver instance" type="java.lang.UnsupportedOperationException">
      <![CDATA[java.lang.UnsupportedOperationException: Javascript is not enabled for this HtmlUnitDriver instance
	at org.openqa.selenium.htmlunit.HtmlUnitDriver.getPageToInjectScriptInto(HtmlUnitDriver.java:947)
	at org.openqa.selenium.htmlunit.HtmlUnitDriver.executeScript(HtmlUnitDriver.java:887)
	at com.spotify.util.UtilClasses.scrollDown(UtilClasses.java:219)
	at com.spotify.pages.SpotifyAllClick.handleFooter(SpotifyAllClick.java:36)
	at com.spotify.testsuits2.TestNgSuit.runTest(TestNgSuit.java:37)
	at com.spotify.testsuits2.TestSuitExecution.test(TestSuitExecution.java:39)
	at java.base/jdk.internal.reflect.NativeMethodAccessorImpl.invoke0(Native Method)
	at java.base/jdk.internal.reflect.NativeMethodAccessorImpl.invoke(NativeMethodAccessorImpl.java:64)
	at java.base/jdk.internal.reflect.DelegatingMethodAccessorImpl.invoke(DelegatingMethodAccessorImpl.java:43)
	at java.base/java.lang.reflect.Method.invoke(Method.java:564)
	at org.testng.internal.MethodInvocationHelper.invokeMethod(MethodInvocationHelper.java:80)
	at org.testng.internal.Invoker.invokeMethod(Invoker.java:714)
	at org.testng.internal.Invoker.invokeTestMethod(Invoker.java:901)
	at org.testng.internal.Invoker.invokeTestMethods(Invoker.java:1231)
	at org.testng.internal.TestMethodWorker.invokeTestMethods(TestMethodWorker.java:127)
	at org.testng.internal.TestMethodWorker.run(TestMethodWorker.java:111)
	at org.testng.TestRunner.privateRun(TestRunner.java:767)
	at org.testng.TestRunner.run(TestRunner.java:617)
	at org.testng.SuiteRunner.runTest(SuiteRunner.java:334)
	at org.testng.SuiteRunner.runSequentially(SuiteRunner.java:329)
	at org.testng.SuiteRunner.privateRun(SuiteRunner.java:291)
	at org.testng.SuiteRunner.run(SuiteRunner.java:240)
	at org.testng.SuiteRunnerWorker.runSuite(SuiteRunnerWorker.java:52)
	at org.testng.SuiteRunnerWorker.run(SuiteRunnerWorker.java:86)
	at org.testng.TestNG.runSuitesSequentially(TestNG.java:1198)
	at org.testng.TestNG.runSuitesLocally(TestNG.java:1123)
	at org.testng.TestNG.run(TestNG.java:1031)
	at com.spotify.testNgRunner.TestNGMainClass.main(TestNGMainClass.java:17)
]]>
    </failure>
  </testcase> <!-- test -->
  <testcase classname="com.spotify.testsuits2.TestSuitExecution" name="test" time="87.748">
    <failure message="Javascript is not enabled for this HtmlUnitDriver instance" type="java.lang.UnsupportedOperationException">
      <![CDATA[java.lang.UnsupportedOperationException: Javascript is not enabled for this HtmlUnitDriver instance
	at org.openqa.selenium.htmlunit.HtmlUnitDriver.getPageToInjectScriptInto(HtmlUnitDriver.java:947)
	at org.openqa.selenium.htmlunit.HtmlUnitDriver.executeScript(HtmlUnitDriver.java:887)
	at com.spotify.util.UtilClasses.scrollDown(UtilClasses.java:219)
	at com.spotify.pages.SpotifyAllClick.handleFooter(SpotifyAllClick.java:36)
	at com.spotify.testsuits2.TestNgSuit.runTest(TestNgSuit.java:37)
	at com.spotify.testsuits2.TestSuitExecution.test(TestSuitExecution.java:39)
	at java.base/jdk.internal.reflect.NativeMethodAccessorImpl.invoke0(Native Method)
	at java.base/jdk.internal.reflect.NativeMethodAccessorImpl.invoke(NativeMethodAccessorImpl.java:64)
	at java.base/jdk.internal.reflect.DelegatingMethodAccessorImpl.invoke(DelegatingMethodAccessorImpl.java:43)
	at java.base/java.lang.reflect.Method.invoke(Method.java:564)
	at org.testng.internal.MethodInvocationHelper.invokeMethod(MethodInvocationHelper.java:80)
	at org.testng.internal.Invoker.invokeMethod(Invoker.java:714)
	at org.testng.internal.Invoker.invokeTestMethod(Invoker.java:901)
	at org.testng.internal.Invoker.invokeTestMethods(Invoker.java:1231)
	at org.testng.internal.TestMethodWorker.invokeTestMethods(TestMethodWorker.java:127)
	at org.testng.internal.TestMethodWorker.run(TestMethodWorker.java:111)
	at org.testng.TestRunner.privateRun(TestRunner.java:767)
	at org.testng.TestRunner.run(TestRunner.java:617)
	at org.testng.SuiteRunner.runTest(SuiteRunner.java:334)
	at org.testng.SuiteRunner.runSequentially(SuiteRunner.java:329)
	at org.testng.SuiteRunner.privateRun(SuiteRunner.java:291)
	at org.testng.SuiteRunner.run(SuiteRunner.java:240)
	at org.testng.SuiteRunnerWorker.runSuite(SuiteRunnerWorker.java:52)
	at org.testng.SuiteRunnerWorker.run(SuiteRunnerWorker.java:86)
	at org.testng.TestNG.runSuitesSequentially(TestNG.java:1198)
	at org.testng.TestNG.runSuitesLocally(TestNG.java:1123)
	at org.testng.TestNG.run(TestNG.java:1031)
	at com.spotify.testNgRunner.TestNGMainClass.main(TestNGMainClass.java:17)
]]>
    </failure>
  </testcase> <!-- test -->
</testsuite> <!-- com.spotify.testsuits2.TestSuitExecution -->
