<?xml version="1.0" encoding="UTF-8"?>
<!-- Generated by org.testng.reporters.JUnitXMLReporter -->
<testsuite hostname="anand-HP-Laptop-15" failures="2" tests="2" name="Check Login" time="180.493" errors="0" timestamp="7 Mar 2021 18:43:06 GMT">
  <testcase classname="com.spotify.testsuits2.TestSuitExecution" name="test" time="92.507">
    <failure type="java.lang.UnsupportedOperationException" message="Javascript is not enabled for this HtmlUnitDriver instance">
      <![CDATA[java.lang.UnsupportedOperationException: Javascript is not enabled for this HtmlUnitDriver instance
	at org.openqa.selenium.htmlunit.HtmlUnitDriver.getPageToInjectScriptInto(HtmlUnitDriver.java:947)
	at org.openqa.selenium.htmlunit.HtmlUnitDriver.executeScript(HtmlUnitDriver.java:887)
	at com.spotify.util.UtilClasses.scrollDown(UtilClasses.java:219)
	at com.spotify.pages.SpotifyAllClick.handleFooter(SpotifyAllClick.java:36)
	at com.spotify.testsuits2.TestNgSuit.runTest(TestNgSuit.java:37)
	at com.spotify.testsuits2.TestSuitExecution.test(TestSuitExecution.java:39)
	at com.spotify.testNgRunner.TestNGMainClass.main(TestNGMainClass.java:17)
... Removed 21 stack frames]]>
    </failure>
  </testcase> <!-- test -->
  <testcase classname="com.spotify.testsuits2.TestSuitExecution" name="test" time="87.744">
    <failure type="java.lang.UnsupportedOperationException" message="Javascript is not enabled for this HtmlUnitDriver instance">
      <![CDATA[java.lang.UnsupportedOperationException: Javascript is not enabled for this HtmlUnitDriver instance
	at org.openqa.selenium.htmlunit.HtmlUnitDriver.getPageToInjectScriptInto(HtmlUnitDriver.java:947)
	at org.openqa.selenium.htmlunit.HtmlUnitDriver.executeScript(HtmlUnitDriver.java:887)
	at com.spotify.util.UtilClasses.scrollDown(UtilClasses.java:219)
	at com.spotify.pages.SpotifyAllClick.handleFooter(SpotifyAllClick.java:36)
	at com.spotify.testsuits2.TestNgSuit.runTest(TestNgSuit.java:37)
	at com.spotify.testsuits2.TestSuitExecution.test(TestSuitExecution.java:39)
	at com.spotify.testNgRunner.TestNGMainClass.main(TestNGMainClass.java:17)
... Removed 21 stack frames]]>
    </failure>
  </testcase> <!-- test -->
</testsuite> <!-- Check Login -->
